<?xml version="1.0" encoding="UTF-8"?>
<testng-results ignored="0" total="6" passed="4" failed="0" skipped="2">
  <reporter-output>
  </reporter-output>
  <suite started-at="2022-12-29T16:11:50 IST" name="Default suite" finished-at="2022-12-29T16:12:04 IST" duration-ms="13248">
    <groups>
    </groups>
    <test started-at="2022-12-29T16:11:50 IST" name="Default test" finished-at="2022-12-29T16:12:04 IST" duration-ms="13248">
      <class name="frameworkpackage.FrameWorkCreationClass">
        <test-method is-config="true" signature="driverLaunch()[pri:0, instance:frameworkpackage.FrameWorkCreationClass@5403f35f]" started-at="2022-12-29T16:11:50 IST" name="driverLaunch" finished-at="2022-12-29T16:11:57 IST" duration-ms="6892" status="PASS">
          <reporter-output>
          </reporter-output>
        </test-method> <!-- driverLaunch -->
        <test-method signature="sampleForm(java.lang.String,java.lang.String,java.lang.String,java.lang.String)[pri:0, instance:frameworkpackage.FrameWorkCreationClass@5403f35f]" started-at="2022-12-29T16:11:58 IST" name="sampleForm" data-provider="SampleData" finished-at="2022-12-29T16:12:00 IST" duration-ms="1941" status="PASS">
          <params>
            <param index="0">
              <value>
                <![CDATA[Johnpaul]]>
              </value>
            </param>
            <param index="1">
              <value>
                <![CDATA[Johninfotech23@gmail.com]]>
              </value>
            </param>
            <param index="2">
              <value>
                <![CDATA[backia]]>
              </value>
            </param>
            <param index="3">
              <value>
                <![CDATA[Yes]]>
              </value>
            </param>
          </params>
          <reporter-output>
          </reporter-output>
        </test-method> <!-- sampleForm -->
        <test-method signature="sampleForm(java.lang.String,java.lang.String,java.lang.String,java.lang.String)[pri:0, instance:frameworkpackage.FrameWorkCreationClass@5403f35f]" started-at="2022-12-29T16:12:00 IST" name="sampleForm" data-provider="SampleData" finished-at="2022-12-29T16:12:00 IST" duration-ms="4" status="SKIP">
          <params>
            <param index="0">
              <value>
                <![CDATA[Seran]]>
              </value>
            </param>
            <param index="1">
              <value>
                <![CDATA[seran@gmail.com]]>
              </value>
            </param>
            <param index="2">
              <value>
                <![CDATA[madevi]]>
              </value>
            </param>
            <param index="3">
              <value>
                <![CDATA[No]]>
              </value>
            </param>
          </params>
          <exception class="org.testng.SkipException">
            <message>
              <![CDATA[Run Not Needed]]>
            </message>
            <full-stacktrace>
              <![CDATA[org.testng.SkipException: Run Not Needed
at frameworkpackage.FrameWorkCreationClass.sampleForm(FrameWorkCreationClass.java:19)
at java.base/jdk.internal.reflect.NativeMethodAccessorImpl.invoke0(Native Method)
at java.base/jdk.internal.reflect.NativeMethodAccessorImpl.invoke(NativeMethodAccessorImpl.java:77)
at java.base/jdk.internal.reflect.DelegatingMethodAccessorImpl.invoke(DelegatingMethodAccessorImpl.java:43)
at java.base/java.lang.reflect.Method.invoke(Method.java:568)
at org.testng.internal.MethodInvocationHelper.invokeMethod(MethodInvocationHelper.java:133)
at org.testng.internal.TestInvoker.invokeMethod(TestInvoker.java:598)
at org.testng.internal.TestInvoker.invokeTestMethod(TestInvoker.java:173)
at org.testng.internal.MethodRunner.runInSequence(MethodRunner.java:46)
at org.testng.internal.TestInvoker$MethodInvocationAgent.invoke(TestInvoker.java:824)
at org.testng.internal.TestInvoker.invokeTestMethods(TestInvoker.java:146)
at org.testng.internal.TestMethodWorker.invokeTestMethods(TestMethodWorker.java:146)
at org.testng.internal.TestMethodWorker.run(TestMethodWorker.java:128)
at java.base/java.util.ArrayList.forEach(ArrayList.java:1511)
at org.testng.TestRunner.privateRun(TestRunner.java:794)
at org.testng.TestRunner.run(TestRunner.java:596)
at org.testng.SuiteRunner.runTest(SuiteRunner.java:377)
at org.testng.SuiteRunner.runSequentially(SuiteRunner.java:371)
at org.testng.SuiteRunner.privateRun(SuiteRunner.java:332)
at org.testng.SuiteRunner.run(SuiteRunner.java:276)
at org.testng.SuiteRunnerWorker.runSuite(SuiteRunnerWorker.java:53)
at org.testng.SuiteRunnerWorker.run(SuiteRunnerWorker.java:96)
at org.testng.TestNG.runSuitesSequentially(TestNG.java:1212)
at org.testng.TestNG.runSuitesLocally(TestNG.java:1134)
at org.testng.TestNG.runSuites(TestNG.java:1063)
at org.testng.TestNG.run(TestNG.java:1031)
at org.testng.remote.AbstractRemoteTestNG.run(AbstractRemoteTestNG.java:115)
at org.testng.remote.RemoteTestNG.initAndRun(RemoteTestNG.java:251)
at org.testng.remote.RemoteTestNG.main(RemoteTestNG.java:77)
]]>
            </full-stacktrace>
          </exception> <!-- org.testng.SkipException -->
          <reporter-output>
          </reporter-output>
        </test-method> <!-- sampleForm -->
        <test-method signature="sampleForm(java.lang.String,java.lang.String,java.lang.String,java.lang.String)[pri:0, instance:frameworkpackage.FrameWorkCreationClass@5403f35f]" started-at="2022-12-29T16:12:00 IST" name="sampleForm" data-provider="SampleData" finished-at="2022-12-29T16:12:01 IST" duration-ms="1307" status="PASS">
          <params>
            <param index="0">
              <value>
                <![CDATA[karthick]]>
              </value>
            </param>
            <param index="1">
              <value>
                <![CDATA[karthich@gmail.com]]>
              </value>
            </param>
            <param index="2">
              <value>
                <![CDATA[anbu]]>
              </value>
            </param>
            <param index="3">
              <value>
                <![CDATA[Yes]]>
              </value>
            </param>
          </params>
          <reporter-output>
          </reporter-output>
        </test-method> <!-- sampleForm -->
        <test-method signature="sampleForm(java.lang.String,java.lang.String,java.lang.String,java.lang.String)[pri:0, instance:frameworkpackage.FrameWorkCreationClass@5403f35f]" started-at="2022-12-29T16:12:01 IST" name="sampleForm" data-provider="SampleData" finished-at="2022-12-29T16:12:02 IST" duration-ms="998" status="PASS">
          <params>
            <param index="0">
              <value>
                <![CDATA[sugindran]]>
              </value>
            </param>
            <param index="1">
              <value>
                <![CDATA[Sug@gmail.com]]>
              </value>
            </param>
            <param index="2">
              <value>
                <![CDATA[tamil]]>
              </value>
            </param>
            <param index="3">
              <value>
                <![CDATA[Yes]]>
              </value>
            </param>
          </params>
          <reporter-output>
          </reporter-output>
        </test-method> <!-- sampleForm -->
        <test-method signature="sampleForm(java.lang.String,java.lang.String,java.lang.String,java.lang.String)[pri:0, instance:frameworkpackage.FrameWorkCreationClass@5403f35f]" started-at="2022-12-29T16:12:02 IST" name="sampleForm" data-provider="SampleData" finished-at="2022-12-29T16:12:02 IST" duration-ms="2" status="SKIP">
          <params>
            <param index="0">
              <value>
                <![CDATA[Guru ]]>
              </value>
            </param>
            <param index="1">
              <value>
                <![CDATA[Guru@gmail.com]]>
              </value>
            </param>
            <param index="2">
              <value>
                <![CDATA[guryboy]]>
              </value>
            </param>
            <param index="3">
              <value>
                <![CDATA[No]]>
              </value>
            </param>
          </params>
          <exception class="org.testng.SkipException">
            <message>
              <![CDATA[Run Not Needed]]>
            </message>
            <full-stacktrace>
              <![CDATA[org.testng.SkipException: Run Not Needed
at frameworkpackage.FrameWorkCreationClass.sampleForm(FrameWorkCreationClass.java:19)
at java.base/jdk.internal.reflect.NativeMethodAccessorImpl.invoke0(Native Method)
at java.base/jdk.internal.reflect.NativeMethodAccessorImpl.invoke(NativeMethodAccessorImpl.java:77)
at java.base/jdk.internal.reflect.DelegatingMethodAccessorImpl.invoke(DelegatingMethodAccessorImpl.java:43)
at java.base/java.lang.reflect.Method.invoke(Method.java:568)
at org.testng.internal.MethodInvocationHelper.invokeMethod(MethodInvocationHelper.java:133)
at org.testng.internal.TestInvoker.invokeMethod(TestInvoker.java:598)
at org.testng.internal.TestInvoker.invokeTestMethod(TestInvoker.java:173)
at org.testng.internal.MethodRunner.runInSequence(MethodRunner.java:46)
at org.testng.internal.TestInvoker$MethodInvocationAgent.invoke(TestInvoker.java:824)
at org.testng.internal.TestInvoker.invokeTestMethods(TestInvoker.java:146)
at org.testng.internal.TestMethodWorker.invokeTestMethods(TestMethodWorker.java:146)
at org.testng.internal.TestMethodWorker.run(TestMethodWorker.java:128)
at java.base/java.util.ArrayList.forEach(ArrayList.java:1511)
at org.testng.TestRunner.privateRun(TestRunner.java:794)
at org.testng.TestRunner.run(TestRunner.java:596)
at org.testng.SuiteRunner.runTest(SuiteRunner.java:377)
at org.testng.SuiteRunner.runSequentially(SuiteRunner.java:371)
at org.testng.SuiteRunner.privateRun(SuiteRunner.java:332)
at org.testng.SuiteRunner.run(SuiteRunner.java:276)
at org.testng.SuiteRunnerWorker.runSuite(SuiteRunnerWorker.java:53)
at org.testng.SuiteRunnerWorker.run(SuiteRunnerWorker.java:96)
at org.testng.TestNG.runSuitesSequentially(TestNG.java:1212)
at org.testng.TestNG.runSuitesLocally(TestNG.java:1134)
at org.testng.TestNG.runSuites(TestNG.java:1063)
at org.testng.TestNG.run(TestNG.java:1031)
at org.testng.remote.AbstractRemoteTestNG.run(AbstractRemoteTestNG.java:115)
at org.testng.remote.RemoteTestNG.initAndRun(RemoteTestNG.java:251)
at org.testng.remote.RemoteTestNG.main(RemoteTestNG.java:77)
]]>
            </full-stacktrace>
          </exception> <!-- org.testng.SkipException -->
          <reporter-output>
          </reporter-output>
        </test-method> <!-- sampleForm -->
        <test-method signature="sampleForm(java.lang.String,java.lang.String,java.lang.String,java.lang.String)[pri:0, instance:frameworkpackage.FrameWorkCreationClass@5403f35f]" started-at="2022-12-29T16:12:02 IST" name="sampleForm" data-provider="SampleData" finished-at="2022-12-29T16:12:03 IST" duration-ms="984" status="PASS">
          <params>
            <param index="0">
              <value>
                <![CDATA[krishna]]>
              </value>
            </param>
            <param index="1">
              <value>
                <![CDATA[krishna@gmail.com]]>
              </value>
            </param>
            <param index="2">
              <value>
                <![CDATA[vishnu]]>
              </value>
            </param>
            <param index="3">
              <value>
                <![CDATA[yes]]>
              </value>
            </param>
          </params>
          <reporter-output>
          </reporter-output>
        </test-method> <!-- sampleForm -->
        <test-method is-config="true" signature="driverclose()[pri:0, instance:frameworkpackage.FrameWorkCreationClass@5403f35f]" started-at="2022-12-29T16:12:03 IST" name="driverclose" finished-at="2022-12-29T16:12:04 IST" duration-ms="250" status="PASS">
          <reporter-output>
          </reporter-output>
        </test-method> <!-- driverclose -->
      </class> <!-- frameworkpackage.FrameWorkCreationClass -->
    </test> <!-- Default test -->
  </suite> <!-- Default suite -->
</testng-results>
